2025-03-02 03:40:59,361 - INFO - Reading config from: C:\Users\ghani\IT Support Automations\Projects\Auto_User_Accounts\scripts\..\config\config.ini
2025-03-02 03:40:59,362 - INFO - Resolved CSV path from 'input\users.csv' to: C:\Users\ghani\IT Support Automations\Projects\Auto_User_Accounts\input\users.csv
2025-03-02 03:40:59,362 - INFO - Starting local user sync monitoring... CSV path: C:\Users\ghani\IT Support Automations\Projects\Auto_User_Accounts\input\users.csv
2025-03-02 03:41:14,688 - INFO - Detected update to CSV file: C:\Users\ghani\IT Support Automations\Projects\Auto_User_Accounts\scripts\..\input\users.csv
2025-03-02 03:41:15,762 - INFO - PowerShell: INFO - Script started from: C:\Users\ghani\IT Support Automations\Projects\Auto_User_Accounts\scripts
2025-03-02 03:41:15,763 - INFO - PowerShell: INFO - Using CSV path: C:\Users\ghani\IT Support Automations\Projects\Auto_User_Accounts\input\users.csv
2025-03-02 03:41:15,763 - INFO - PowerShell: INFO - Found 4 users in CSV
2025-03-02 03:41:15,763 - INFO - PowerShell: INFO - Processing user: jdoe with action: CREATE
2025-03-02 03:41:15,763 - INFO - PowerShell: INFO - Created local user: jdoe
2025-03-02 03:41:15,763 - INFO - PowerShell: INFO - Processing user: asmith with action: MODIFY
2025-03-02 03:41:15,763 - INFO - PowerShell: INFO - Modified local user: asmith
2025-03-02 03:41:15,763 - INFO - PowerShell: INFO - Processing user: bjones with action: DELETE
2025-03-02 03:41:15,763 - INFO - PowerShell: INFO - Deleted local user: bjones
2025-03-02 03:41:15,763 - INFO - PowerShell: INFO - Processing user: bjones with action: DELETE
2025-03-02 03:41:15,763 - INFO - PowerShell: INFO - Deleted local user: bjones
2025-03-02 03:41:15,763 - INFO - PowerShell: INFO - User sync process completed.
2025-03-02 03:41:15,763 - INFO - PowerShell: Name Enabled Description
2025-03-02 03:41:15,763 - INFO - PowerShell: ---- ------- -----------
2025-03-02 03:41:15,763 - INFO - PowerShell: jdoe True
2025-03-02 03:41:15,763 - ERROR - PowerShell error: Set-LocalUser : User asmith was not found.
2025-03-02 03:41:15,763 - ERROR - PowerShell error: At C:\Users\ghani\IT Support Automations\Projects\Auto_User_Accounts\scripts\utils.ps1:11 char:9
2025-03-02 03:41:15,763 - ERROR - PowerShell error: +         Set-LocalUser -Name $Username -FullName $FullName -Password $ ...
2025-03-02 03:41:15,763 - ERROR - PowerShell error: +         ~~~~~~~~~~~~~~~~~~~~~~~~~~~~~~~~~~~~~~~~~~~~~~~~~~~~~~~~~~~~~
2025-03-02 03:41:15,764 - ERROR - PowerShell error: + CategoryInfo          : ObjectNotFound: (asmith:String) [Set-LocalUser], UserNotFoundException
2025-03-02 03:41:15,764 - ERROR - PowerShell error: + FullyQualifiedErrorId : UserNotFound,Microsoft.PowerShell.Commands.SetLocalUserCommand
2025-03-02 03:41:15,764 - ERROR - PowerShell error: Remove-LocalUser : User bjones was not found.
2025-03-02 03:41:15,764 - ERROR - PowerShell error: At C:\Users\ghani\IT Support Automations\Projects\Auto_User_Accounts\scripts\utils.ps1:19 char:5
2025-03-02 03:41:15,764 - ERROR - PowerShell error: +     Remove-LocalUser -Name $Username
2025-03-02 03:41:15,764 - ERROR - PowerShell error: +     ~~~~~~~~~~~~~~~~~~~~~~~~~~~~~~~~
2025-03-02 03:41:15,764 - ERROR - PowerShell error: + CategoryInfo          : ObjectNotFound: (bjones:String) [Remove-LocalUser], UserNotFoundException
2025-03-02 03:41:15,764 - ERROR - PowerShell error: + FullyQualifiedErrorId : UserNotFound,Microsoft.PowerShell.Commands.RemoveLocalUserCommand
2025-03-02 03:41:15,764 - ERROR - PowerShell error: Remove-LocalUser : User bjones was not found.
2025-03-02 03:41:15,764 - ERROR - PowerShell error: At C:\Users\ghani\IT Support Automations\Projects\Auto_User_Accounts\scripts\utils.ps1:19 char:5
2025-03-02 03:41:15,764 - ERROR - PowerShell error: +     Remove-LocalUser -Name $Username
2025-03-02 03:41:15,764 - ERROR - PowerShell error: +     ~~~~~~~~~~~~~~~~~~~~~~~~~~~~~~~~
2025-03-02 03:41:15,764 - ERROR - PowerShell error: + CategoryInfo          : ObjectNotFound: (bjones:String) [Remove-LocalUser], UserNotFoundException
2025-03-02 03:41:15,764 - ERROR - PowerShell error: + FullyQualifiedErrorId : UserNotFound,Microsoft.PowerShell.Commands.RemoveLocalUserCommand
2025-03-02 03:41:15,764 - INFO - Detected update to CSV file: C:\Users\ghani\IT Support Automations\Projects\Auto_User_Accounts\scripts\..\input\users.csv
2025-03-02 03:41:16,997 - INFO - PowerShell: INFO - Script started from: C:\Users\ghani\IT Support Automations\Projects\Auto_User_Accounts\scripts
2025-03-02 03:41:16,998 - INFO - PowerShell: INFO - Using CSV path: C:\Users\ghani\IT Support Automations\Projects\Auto_User_Accounts\input\users.csv
2025-03-02 03:41:16,998 - INFO - PowerShell: INFO - Found 4 users in CSV
2025-03-02 03:41:16,998 - INFO - PowerShell: INFO - Processing user: jdoe with action: CREATE
2025-03-02 03:41:16,998 - INFO - PowerShell: INFO - Created local user: jdoe
2025-03-02 03:41:16,998 - INFO - PowerShell: INFO - Processing user: asmith with action: MODIFY
2025-03-02 03:41:16,998 - INFO - PowerShell: INFO - Modified local user: asmith
2025-03-02 03:41:16,998 - INFO - PowerShell: INFO - Processing user: bjones with action: DELETE
2025-03-02 03:41:16,998 - INFO - PowerShell: INFO - Deleted local user: bjones
2025-03-02 03:41:16,998 - INFO - PowerShell: INFO - Processing user: bjones with action: DELETE
2025-03-02 03:41:16,998 - INFO - PowerShell: INFO - Deleted local user: bjones
2025-03-02 03:41:16,998 - INFO - PowerShell: INFO - User sync process completed.
2025-03-02 03:41:16,998 - ERROR - PowerShell error: New-LocalUser : User jdoe already exists.
2025-03-02 03:41:16,998 - ERROR - PowerShell error: At C:\Users\ghani\IT Support Automations\Projects\Auto_User_Accounts\scripts\utils.ps1:4 char:5
2025-03-02 03:41:16,998 - ERROR - PowerShell error: +     New-LocalUser -Name $Username -FullName $FullName -Password $secu ...
2025-03-02 03:41:16,998 - ERROR - PowerShell error: +     ~~~~~~~~~~~~~~~~~~~~~~~~~~~~~~~~~~~~~~~~~~~~~~~~~~~~~~~~~~~~~~~~~
2025-03-02 03:41:16,998 - ERROR - PowerShell error: + CategoryInfo          : ResourceExists: (jdoe:LocalUser) [New-LocalUser], UserExistsException
2025-03-02 03:41:16,998 - ERROR - PowerShell error: + FullyQualifiedErrorId : UserExists,Microsoft.PowerShell.Commands.NewLocalUserCommand
2025-03-02 03:41:16,999 - ERROR - PowerShell error: Set-LocalUser : User asmith was not found.
2025-03-02 03:41:16,999 - ERROR - PowerShell error: At C:\Users\ghani\IT Support Automations\Projects\Auto_User_Accounts\scripts\utils.ps1:11 char:9
2025-03-02 03:41:16,999 - ERROR - PowerShell error: +         Set-LocalUser -Name $Username -FullName $FullName -Password $ ...
2025-03-02 03:41:16,999 - ERROR - PowerShell error: +         ~~~~~~~~~~~~~~~~~~~~~~~~~~~~~~~~~~~~~~~~~~~~~~~~~~~~~~~~~~~~~
2025-03-02 03:41:16,999 - ERROR - PowerShell error: + CategoryInfo          : ObjectNotFound: (asmith:String) [Set-LocalUser], UserNotFoundException
2025-03-02 03:41:16,999 - ERROR - PowerShell error: + FullyQualifiedErrorId : UserNotFound,Microsoft.PowerShell.Commands.SetLocalUserCommand
2025-03-02 03:41:16,999 - ERROR - PowerShell error: Remove-LocalUser : User bjones was not found.
2025-03-02 03:41:16,999 - ERROR - PowerShell error: At C:\Users\ghani\IT Support Automations\Projects\Auto_User_Accounts\scripts\utils.ps1:19 char:5
2025-03-02 03:41:16,999 - ERROR - PowerShell error: +     Remove-LocalUser -Name $Username
2025-03-02 03:41:16,999 - ERROR - PowerShell error: +     ~~~~~~~~~~~~~~~~~~~~~~~~~~~~~~~~
2025-03-02 03:41:16,999 - ERROR - PowerShell error: + CategoryInfo          : ObjectNotFound: (bjones:String) [Remove-LocalUser], UserNotFoundException
2025-03-02 03:41:16,999 - ERROR - PowerShell error: + FullyQualifiedErrorId : UserNotFound,Microsoft.PowerShell.Commands.RemoveLocalUserCommand
2025-03-02 03:41:16,999 - ERROR - PowerShell error: Remove-LocalUser : User bjones was not found.
2025-03-02 03:41:16,999 - ERROR - PowerShell error: At C:\Users\ghani\IT Support Automations\Projects\Auto_User_Accounts\scripts\utils.ps1:19 char:5
2025-03-02 03:41:16,999 - ERROR - PowerShell error: +     Remove-LocalUser -Name $Username
2025-03-02 03:41:16,999 - ERROR - PowerShell error: +     ~~~~~~~~~~~~~~~~~~~~~~~~~~~~~~~~
2025-03-02 03:41:16,999 - ERROR - PowerShell error: + CategoryInfo          : ObjectNotFound: (bjones:String) [Remove-LocalUser], UserNotFoundException
2025-03-02 03:41:16,999 - ERROR - PowerShell error: + FullyQualifiedErrorId : UserNotFound,Microsoft.PowerShell.Commands.RemoveLocalUserCommand
2025-03-02 03:41:17,000 - INFO - Detected update to CSV file: C:\Users\ghani\IT Support Automations\Projects\Auto_User_Accounts\scripts\..\input\users.csv
2025-03-02 03:41:17,705 - INFO - PowerShell: INFO - Script started from: C:\Users\ghani\IT Support Automations\Projects\Auto_User_Accounts\scripts
2025-03-02 03:41:17,705 - INFO - PowerShell: INFO - Using CSV path: C:\Users\ghani\IT Support Automations\Projects\Auto_User_Accounts\input\users.csv
2025-03-02 03:41:17,705 - INFO - PowerShell: INFO - Found 5 users in CSV
2025-03-02 03:41:17,705 - INFO - PowerShell: INFO - Processing user: jdoe with action: CREATE
2025-03-02 03:41:17,705 - INFO - PowerShell: INFO - Created local user: jdoe
2025-03-02 03:41:17,705 - INFO - PowerShell: INFO - Processing user: asmith with action: MODIFY
2025-03-02 03:41:17,705 - INFO - PowerShell: INFO - Modified local user: asmith
2025-03-02 03:41:17,705 - INFO - PowerShell: INFO - Processing user: bjones with action: DELETE
2025-03-02 03:41:17,705 - INFO - PowerShell: INFO - Deleted local user: bjones
2025-03-02 03:41:17,705 - INFO - PowerShell: INFO - Processing user: bjones with action: DELETE
2025-03-02 03:41:17,705 - INFO - PowerShell: INFO - Deleted local user: bjones
2025-03-02 03:41:17,705 - INFO - PowerShell: INFO - Processing user: bjones with action: DELETE
2025-03-02 03:41:17,705 - INFO - PowerShell: INFO - Deleted local user: bjones
2025-03-02 03:41:17,705 - INFO - PowerShell: INFO - User sync process completed.
2025-03-02 03:41:17,705 - ERROR - PowerShell error: New-LocalUser : User jdoe already exists.
2025-03-02 03:41:17,705 - ERROR - PowerShell error: At C:\Users\ghani\IT Support Automations\Projects\Auto_User_Accounts\scripts\utils.ps1:4 char:5
2025-03-02 03:41:17,706 - ERROR - PowerShell error: +     New-LocalUser -Name $Username -FullName $FullName -Password $secu ...
2025-03-02 03:41:17,706 - ERROR - PowerShell error: +     ~~~~~~~~~~~~~~~~~~~~~~~~~~~~~~~~~~~~~~~~~~~~~~~~~~~~~~~~~~~~~~~~~
2025-03-02 03:41:17,706 - ERROR - PowerShell error: + CategoryInfo          : ResourceExists: (jdoe:LocalUser) [New-LocalUser], UserExistsException
2025-03-02 03:41:17,706 - ERROR - PowerShell error: + FullyQualifiedErrorId : UserExists,Microsoft.PowerShell.Commands.NewLocalUserCommand
2025-03-02 03:41:17,706 - ERROR - PowerShell error: Set-LocalUser : User asmith was not found.
2025-03-02 03:41:17,706 - ERROR - PowerShell error: At C:\Users\ghani\IT Support Automations\Projects\Auto_User_Accounts\scripts\utils.ps1:11 char:9
2025-03-02 03:41:17,706 - ERROR - PowerShell error: +         Set-LocalUser -Name $Username -FullName $FullName -Password $ ...
2025-03-02 03:41:17,706 - ERROR - PowerShell error: +         ~~~~~~~~~~~~~~~~~~~~~~~~~~~~~~~~~~~~~~~~~~~~~~~~~~~~~~~~~~~~~
2025-03-02 03:41:17,706 - ERROR - PowerShell error: + CategoryInfo          : ObjectNotFound: (asmith:String) [Set-LocalUser], UserNotFoundException
2025-03-02 03:41:17,706 - ERROR - PowerShell error: + FullyQualifiedErrorId : UserNotFound,Microsoft.PowerShell.Commands.SetLocalUserCommand
2025-03-02 03:41:17,706 - ERROR - PowerShell error: Remove-LocalUser : User bjones was not found.
2025-03-02 03:41:17,706 - ERROR - PowerShell error: At C:\Users\ghani\IT Support Automations\Projects\Auto_User_Accounts\scripts\utils.ps1:19 char:5
2025-03-02 03:41:17,706 - ERROR - PowerShell error: +     Remove-LocalUser -Name $Username
2025-03-02 03:41:17,706 - ERROR - PowerShell error: +     ~~~~~~~~~~~~~~~~~~~~~~~~~~~~~~~~
2025-03-02 03:41:17,706 - ERROR - PowerShell error: + CategoryInfo          : ObjectNotFound: (bjones:String) [Remove-LocalUser], UserNotFoundException
2025-03-02 03:41:17,706 - ERROR - PowerShell error: + FullyQualifiedErrorId : UserNotFound,Microsoft.PowerShell.Commands.RemoveLocalUserCommand
2025-03-02 03:41:17,706 - ERROR - PowerShell error: Remove-LocalUser : User bjones was not found.
2025-03-02 03:41:17,706 - ERROR - PowerShell error: At C:\Users\ghani\IT Support Automations\Projects\Auto_User_Accounts\scripts\utils.ps1:19 char:5
2025-03-02 03:41:17,706 - ERROR - PowerShell error: +     Remove-LocalUser -Name $Username
2025-03-02 03:41:17,706 - ERROR - PowerShell error: +     ~~~~~~~~~~~~~~~~~~~~~~~~~~~~~~~~
2025-03-02 03:41:17,707 - ERROR - PowerShell error: + CategoryInfo          : ObjectNotFound: (bjones:String) [Remove-LocalUser], UserNotFoundException
2025-03-02 03:41:17,707 - ERROR - PowerShell error: + FullyQualifiedErrorId : UserNotFound,Microsoft.PowerShell.Commands.RemoveLocalUserCommand
2025-03-02 03:41:17,707 - ERROR - PowerShell error: Remove-LocalUser : User bjones was not found.
2025-03-02 03:41:17,707 - ERROR - PowerShell error: At C:\Users\ghani\IT Support Automations\Projects\Auto_User_Accounts\scripts\utils.ps1:19 char:5
2025-03-02 03:41:17,707 - ERROR - PowerShell error: +     Remove-LocalUser -Name $Username
2025-03-02 03:41:17,707 - ERROR - PowerShell error: +     ~~~~~~~~~~~~~~~~~~~~~~~~~~~~~~~~
2025-03-02 03:41:17,707 - ERROR - PowerShell error: + CategoryInfo          : ObjectNotFound: (bjones:String) [Remove-LocalUser], UserNotFoundException
2025-03-02 03:41:17,707 - ERROR - PowerShell error: + FullyQualifiedErrorId : UserNotFound,Microsoft.PowerShell.Commands.RemoveLocalUserCommand
2025-03-02 03:41:33,810 - INFO - Detected update to CSV file: C:\Users\ghani\IT Support Automations\Projects\Auto_User_Accounts\scripts\..\input\users.csv
2025-03-02 03:41:34,783 - INFO - PowerShell: INFO - Script started from: C:\Users\ghani\IT Support Automations\Projects\Auto_User_Accounts\scripts
2025-03-02 03:41:34,784 - INFO - PowerShell: INFO - Using CSV path: C:\Users\ghani\IT Support Automations\Projects\Auto_User_Accounts\input\users.csv
2025-03-02 03:41:34,784 - INFO - PowerShell: INFO - Found 6 users in CSV
2025-03-02 03:41:34,784 - INFO - PowerShell: INFO - Processing user: jdoe with action: CREATE
2025-03-02 03:41:34,784 - INFO - PowerShell: INFO - Created local user: jdoe
2025-03-02 03:41:34,784 - INFO - PowerShell: INFO - Processing user: asmith with action: MODIFY
2025-03-02 03:41:34,784 - INFO - PowerShell: INFO - Modified local user: asmith
2025-03-02 03:41:34,784 - INFO - PowerShell: INFO - Processing user: bjones with action: DELETE
2025-03-02 03:41:34,784 - INFO - PowerShell: INFO - Deleted local user: bjones
2025-03-02 03:41:34,784 - INFO - PowerShell: INFO - Processing user: bjones with action: DELETE
2025-03-02 03:41:34,784 - INFO - PowerShell: INFO - Deleted local user: bjones
2025-03-02 03:41:34,784 - INFO - PowerShell: INFO - Processing user: bjones with action: DELETE
2025-03-02 03:41:34,784 - INFO - PowerShell: INFO - Deleted local user: bjones
2025-03-02 03:41:34,784 - INFO - PowerShell: INFO - Processing user: jdoe with action: CREATE
2025-03-02 03:41:34,784 - INFO - PowerShell: INFO - Created local user: jdoe
2025-03-02 03:41:34,784 - INFO - PowerShell: INFO - User sync process completed.
2025-03-02 03:41:34,784 - ERROR - PowerShell error: New-LocalUser : User jdoe already exists.
2025-03-02 03:41:34,784 - ERROR - PowerShell error: At C:\Users\ghani\IT Support Automations\Projects\Auto_User_Accounts\scripts\utils.ps1:4 char:5
2025-03-02 03:41:34,784 - ERROR - PowerShell error: +     New-LocalUser -Name $Username -FullName $FullName -Password $secu ...
2025-03-02 03:41:34,784 - ERROR - PowerShell error: +     ~~~~~~~~~~~~~~~~~~~~~~~~~~~~~~~~~~~~~~~~~~~~~~~~~~~~~~~~~~~~~~~~~
2025-03-02 03:41:34,784 - ERROR - PowerShell error: + CategoryInfo          : ResourceExists: (jdoe:LocalUser) [New-LocalUser], UserExistsException
2025-03-02 03:41:34,785 - ERROR - PowerShell error: + FullyQualifiedErrorId : UserExists,Microsoft.PowerShell.Commands.NewLocalUserCommand
2025-03-02 03:41:34,785 - ERROR - PowerShell error: Set-LocalUser : User asmith was not found.
2025-03-02 03:41:34,785 - ERROR - PowerShell error: At C:\Users\ghani\IT Support Automations\Projects\Auto_User_Accounts\scripts\utils.ps1:11 char:9
2025-03-02 03:41:34,785 - ERROR - PowerShell error: +         Set-LocalUser -Name $Username -FullName $FullName -Password $ ...
2025-03-02 03:41:34,785 - ERROR - PowerShell error: +         ~~~~~~~~~~~~~~~~~~~~~~~~~~~~~~~~~~~~~~~~~~~~~~~~~~~~~~~~~~~~~
2025-03-02 03:41:34,785 - ERROR - PowerShell error: + CategoryInfo          : ObjectNotFound: (asmith:String) [Set-LocalUser], UserNotFoundException
2025-03-02 03:41:34,785 - ERROR - PowerShell error: + FullyQualifiedErrorId : UserNotFound,Microsoft.PowerShell.Commands.SetLocalUserCommand
2025-03-02 03:41:34,785 - ERROR - PowerShell error: Remove-LocalUser : User bjones was not found.
2025-03-02 03:41:34,785 - ERROR - PowerShell error: At C:\Users\ghani\IT Support Automations\Projects\Auto_User_Accounts\scripts\utils.ps1:19 char:5
2025-03-02 03:41:34,785 - ERROR - PowerShell error: +     Remove-LocalUser -Name $Username
2025-03-02 03:41:34,785 - ERROR - PowerShell error: +     ~~~~~~~~~~~~~~~~~~~~~~~~~~~~~~~~
2025-03-02 03:41:34,785 - ERROR - PowerShell error: + CategoryInfo          : ObjectNotFound: (bjones:String) [Remove-LocalUser], UserNotFoundException
2025-03-02 03:41:34,785 - ERROR - PowerShell error: + FullyQualifiedErrorId : UserNotFound,Microsoft.PowerShell.Commands.RemoveLocalUserCommand
2025-03-02 03:41:34,785 - ERROR - PowerShell error: Remove-LocalUser : User bjones was not found.
2025-03-02 03:41:34,785 - ERROR - PowerShell error: At C:\Users\ghani\IT Support Automations\Projects\Auto_User_Accounts\scripts\utils.ps1:19 char:5
2025-03-02 03:41:34,785 - ERROR - PowerShell error: +     Remove-LocalUser -Name $Username
2025-03-02 03:41:34,786 - ERROR - PowerShell error: +     ~~~~~~~~~~~~~~~~~~~~~~~~~~~~~~~~
2025-03-02 03:41:34,786 - ERROR - PowerShell error: + CategoryInfo          : ObjectNotFound: (bjones:String) [Remove-LocalUser], UserNotFoundException
2025-03-02 03:41:34,786 - ERROR - PowerShell error: + FullyQualifiedErrorId : UserNotFound,Microsoft.PowerShell.Commands.RemoveLocalUserCommand
2025-03-02 03:41:34,786 - ERROR - PowerShell error: Remove-LocalUser : User bjones was not found.
2025-03-02 03:41:34,786 - ERROR - PowerShell error: At C:\Users\ghani\IT Support Automations\Projects\Auto_User_Accounts\scripts\utils.ps1:19 char:5
2025-03-02 03:41:34,786 - ERROR - PowerShell error: +     Remove-LocalUser -Name $Username
2025-03-02 03:41:34,786 - ERROR - PowerShell error: +     ~~~~~~~~~~~~~~~~~~~~~~~~~~~~~~~~
2025-03-02 03:41:34,786 - ERROR - PowerShell error: + CategoryInfo          : ObjectNotFound: (bjones:String) [Remove-LocalUser], UserNotFoundException
2025-03-02 03:41:34,787 - ERROR - PowerShell error: + FullyQualifiedErrorId : UserNotFound,Microsoft.PowerShell.Commands.RemoveLocalUserCommand
2025-03-02 03:41:34,787 - ERROR - PowerShell error: New-LocalUser : User jdoe already exists.
2025-03-02 03:41:34,787 - ERROR - PowerShell error: At C:\Users\ghani\IT Support Automations\Projects\Auto_User_Accounts\scripts\utils.ps1:4 char:5
2025-03-02 03:41:34,787 - ERROR - PowerShell error: +     New-LocalUser -Name $Username -FullName $FullName -Password $secu ...
2025-03-02 03:41:34,787 - ERROR - PowerShell error: +     ~~~~~~~~~~~~~~~~~~~~~~~~~~~~~~~~~~~~~~~~~~~~~~~~~~~~~~~~~~~~~~~~~
2025-03-02 03:41:34,787 - ERROR - PowerShell error: + CategoryInfo          : ResourceExists: (jdoe:LocalUser) [New-LocalUser], UserExistsException
2025-03-02 03:41:34,787 - ERROR - PowerShell error: + FullyQualifiedErrorId : UserExists,Microsoft.PowerShell.Commands.NewLocalUserCommand
2025-03-02 03:41:34,788 - INFO - Detected update to CSV file: C:\Users\ghani\IT Support Automations\Projects\Auto_User_Accounts\scripts\..\input\users.csv
2025-03-02 03:41:35,952 - INFO - PowerShell: INFO - Script started from: C:\Users\ghani\IT Support Automations\Projects\Auto_User_Accounts\scripts
2025-03-02 03:41:35,952 - INFO - PowerShell: INFO - Using CSV path: C:\Users\ghani\IT Support Automations\Projects\Auto_User_Accounts\input\users.csv
2025-03-02 03:41:35,952 - INFO - PowerShell: INFO - Found 6 users in CSV
2025-03-02 03:41:35,952 - INFO - PowerShell: INFO - Processing user: jdoe with action: CREATE
2025-03-02 03:41:35,952 - INFO - PowerShell: INFO - Created local user: jdoe
2025-03-02 03:41:35,952 - INFO - PowerShell: INFO - Processing user: asmith with action: MODIFY
2025-03-02 03:41:35,952 - INFO - PowerShell: INFO - Modified local user: asmith
2025-03-02 03:41:35,953 - INFO - PowerShell: INFO - Processing user: bjones with action: DELETE
2025-03-02 03:41:35,953 - INFO - PowerShell: INFO - Deleted local user: bjones
2025-03-02 03:41:35,953 - INFO - PowerShell: INFO - Processing user: bjones with action: DELETE
2025-03-02 03:41:35,953 - INFO - PowerShell: INFO - Deleted local user: bjones
2025-03-02 03:41:35,953 - INFO - PowerShell: INFO - Processing user: bjones with action: DELETE
2025-03-02 03:41:35,953 - INFO - PowerShell: INFO - Deleted local user: bjones
2025-03-02 03:41:35,953 - INFO - PowerShell: INFO - Processing user: jdoe with action: CREATE
2025-03-02 03:41:35,953 - INFO - PowerShell: INFO - Created local user: jdoe
2025-03-02 03:41:35,953 - INFO - PowerShell: INFO - User sync process completed.
2025-03-02 03:41:35,953 - ERROR - PowerShell error: New-LocalUser : User jdoe already exists.
2025-03-02 03:41:35,953 - ERROR - PowerShell error: At C:\Users\ghani\IT Support Automations\Projects\Auto_User_Accounts\scripts\utils.ps1:4 char:5
2025-03-02 03:41:35,953 - ERROR - PowerShell error: +     New-LocalUser -Name $Username -FullName $FullName -Password $secu ...
2025-03-02 03:41:35,953 - ERROR - PowerShell error: +     ~~~~~~~~~~~~~~~~~~~~~~~~~~~~~~~~~~~~~~~~~~~~~~~~~~~~~~~~~~~~~~~~~
2025-03-02 03:41:35,953 - ERROR - PowerShell error: + CategoryInfo          : ResourceExists: (jdoe:LocalUser) [New-LocalUser], UserExistsException
2025-03-02 03:41:35,954 - ERROR - PowerShell error: + FullyQualifiedErrorId : UserExists,Microsoft.PowerShell.Commands.NewLocalUserCommand
2025-03-02 03:41:35,954 - ERROR - PowerShell error: Set-LocalUser : User asmith was not found.
2025-03-02 03:41:35,954 - ERROR - PowerShell error: At C:\Users\ghani\IT Support Automations\Projects\Auto_User_Accounts\scripts\utils.ps1:11 char:9
2025-03-02 03:41:35,954 - ERROR - PowerShell error: +         Set-LocalUser -Name $Username -FullName $FullName -Password $ ...
2025-03-02 03:41:35,954 - ERROR - PowerShell error: +         ~~~~~~~~~~~~~~~~~~~~~~~~~~~~~~~~~~~~~~~~~~~~~~~~~~~~~~~~~~~~~
2025-03-02 03:41:35,954 - ERROR - PowerShell error: + CategoryInfo          : ObjectNotFound: (asmith:String) [Set-LocalUser], UserNotFoundException
2025-03-02 03:41:35,954 - ERROR - PowerShell error: + FullyQualifiedErrorId : UserNotFound,Microsoft.PowerShell.Commands.SetLocalUserCommand
2025-03-02 03:41:35,955 - ERROR - PowerShell error: Remove-LocalUser : User bjones was not found.
2025-03-02 03:41:35,955 - ERROR - PowerShell error: At C:\Users\ghani\IT Support Automations\Projects\Auto_User_Accounts\scripts\utils.ps1:19 char:5
2025-03-02 03:41:35,955 - ERROR - PowerShell error: +     Remove-LocalUser -Name $Username
2025-03-02 03:41:35,955 - ERROR - PowerShell error: +     ~~~~~~~~~~~~~~~~~~~~~~~~~~~~~~~~
2025-03-02 03:41:35,955 - ERROR - PowerShell error: + CategoryInfo          : ObjectNotFound: (bjones:String) [Remove-LocalUser], UserNotFoundException
2025-03-02 03:41:35,955 - ERROR - PowerShell error: + FullyQualifiedErrorId : UserNotFound,Microsoft.PowerShell.Commands.RemoveLocalUserCommand
2025-03-02 03:41:35,955 - ERROR - PowerShell error: Remove-LocalUser : User bjones was not found.
2025-03-02 03:41:35,955 - ERROR - PowerShell error: At C:\Users\ghani\IT Support Automations\Projects\Auto_User_Accounts\scripts\utils.ps1:19 char:5
2025-03-02 03:41:35,956 - ERROR - PowerShell error: +     Remove-LocalUser -Name $Username
2025-03-02 03:41:35,956 - ERROR - PowerShell error: +     ~~~~~~~~~~~~~~~~~~~~~~~~~~~~~~~~
2025-03-02 03:41:35,956 - ERROR - PowerShell error: + CategoryInfo          : ObjectNotFound: (bjones:String) [Remove-LocalUser], UserNotFoundException
2025-03-02 03:41:35,956 - ERROR - PowerShell error: + FullyQualifiedErrorId : UserNotFound,Microsoft.PowerShell.Commands.RemoveLocalUserCommand
2025-03-02 03:41:35,956 - ERROR - PowerShell error: Remove-LocalUser : User bjones was not found.
2025-03-02 03:41:35,956 - ERROR - PowerShell error: At C:\Users\ghani\IT Support Automations\Projects\Auto_User_Accounts\scripts\utils.ps1:19 char:5
2025-03-02 03:41:35,956 - ERROR - PowerShell error: +     Remove-LocalUser -Name $Username
2025-03-02 03:41:35,956 - ERROR - PowerShell error: +     ~~~~~~~~~~~~~~~~~~~~~~~~~~~~~~~~
2025-03-02 03:41:35,956 - ERROR - PowerShell error: + CategoryInfo          : ObjectNotFound: (bjones:String) [Remove-LocalUser], UserNotFoundException
2025-03-02 03:41:35,957 - ERROR - PowerShell error: + FullyQualifiedErrorId : UserNotFound,Microsoft.PowerShell.Commands.RemoveLocalUserCommand
2025-03-02 03:41:35,957 - ERROR - PowerShell error: New-LocalUser : User jdoe already exists.
2025-03-02 03:41:35,957 - ERROR - PowerShell error: At C:\Users\ghani\IT Support Automations\Projects\Auto_User_Accounts\scripts\utils.ps1:4 char:5
2025-03-02 03:41:35,957 - ERROR - PowerShell error: +     New-LocalUser -Name $Username -FullName $FullName -Password $secu ...
2025-03-02 03:41:35,957 - ERROR - PowerShell error: +     ~~~~~~~~~~~~~~~~~~~~~~~~~~~~~~~~~~~~~~~~~~~~~~~~~~~~~~~~~~~~~~~~~
2025-03-02 03:41:35,957 - ERROR - PowerShell error: + CategoryInfo          : ResourceExists: (jdoe:LocalUser) [New-LocalUser], UserExistsException
2025-03-02 03:41:35,957 - ERROR - PowerShell error: + FullyQualifiedErrorId : UserExists,Microsoft.PowerShell.Commands.NewLocalUserCommand
